[2023-08-21 02:07:46] local.ERROR: could not find driver (SQL: select * from information_schema.tables where table_schema = eklinik and table_name = migrations and table_type = 'BASE TABLE') {"exception":"[object] (Illuminate\\Database\\QueryException(code: 0): could not find driver (SQL: select * from information_schema.tables where table_schema = eklinik and table_name = migrations and table_type = 'BASE TABLE') at C:\\Users\\yuani\\OneDrive\\Documents\\hasil clone eklinik\\eklinik\\vendor\\laravel\\framework\\src\\Illuminate\\Database\\Connection.php:760)
[stacktrace]
#0 C:\\Users\\yuani\\OneDrive\\Documents\\hasil clone eklinik\\eklinik\\vendor\\laravel\\framework\\src\\Illuminate\\Database\\Connection.php(720): Illuminate\\Database\\Connection->runQueryCallback()
#1 C:\\Users\\yuani\\OneDrive\\Documents\\hasil clone eklinik\\eklinik\\vendor\\laravel\\framework\\src\\Illuminate\\Database\\Connection.php(405): Illuminate\\Database\\Connection->run()
#2 C:\\Users\\yuani\\OneDrive\\Documents\\hasil clone eklinik\\eklinik\\vendor\\laravel\\framework\\src\\Illuminate\\Database\\Connection.php(392): Illuminate\\Database\\Connection->select()
#3 C:\\Users\\yuani\\OneDrive\\Documents\\hasil clone eklinik\\eklinik\\vendor\\laravel\\framework\\src\\Illuminate\\Database\\Schema\\MySqlBuilder.php(43): Illuminate\\Database\\Connection->selectFromWriteConnection()
#4 C:\\Users\\yuani\\OneDrive\\Documents\\hasil clone eklinik\\eklinik\\vendor\\laravel\\framework\\src\\Illuminate\\Database\\Migrations\\DatabaseMigrationRepository.php(169): Illuminate\\Database\\Schema\\MySqlBuilder->hasTable()
#5 C:\\Users\\yuani\\OneDrive\\Documents\\hasil clone eklinik\\eklinik\\vendor\\laravel\\framework\\src\\Illuminate\\Database\\Migrations\\Migrator.php(695): Illuminate\\Database\\Migrations\\DatabaseMigrationRepository->repositoryExists()
#6 C:\\Users\\yuani\\OneDrive\\Documents\\hasil clone eklinik\\eklinik\\vendor\\laravel\\framework\\src\\Illuminate\\Database\\Console\\Migrations\\MigrateCommand.php(138): Illuminate\\Database\\Migrations\\Migrator->repositoryExists()
#7 C:\\Users\\yuani\\OneDrive\\Documents\\hasil clone eklinik\\eklinik\\vendor\\laravel\\framework\\src\\Illuminate\\Support\\helpers.php(247): Illuminate\\Database\\Console\\Migrations\\MigrateCommand->Illuminate\\Database\\Console\\Migrations\\{closure}()
#8 C:\\Users\\yuani\\OneDrive\\Documents\\hasil clone eklinik\\eklinik\\vendor\\laravel\\framework\\src\\Illuminate\\Database\\Console\\Migrations\\MigrateCommand.php(138): retry()
#9 C:\\Users\\yuani\\OneDrive\\Documents\\hasil clone eklinik\\eklinik\\vendor\\laravel\\framework\\src\\Illuminate\\Database\\Console\\Migrations\\MigrateCommand.php(114): Illuminate\\Database\\Console\\Migrations\\MigrateCommand->repositoryExists()
#10 C:\\Users\\yuani\\OneDrive\\Documents\\hasil clone eklinik\\eklinik\\vendor\\laravel\\framework\\src\\Illuminate\\Database\\Console\\Migrations\\MigrateCommand.php(82): Illuminate\\Database\\Console\\Migrations\\MigrateCommand->prepareDatabase()
#11 C:\\Users\\yuani\\OneDrive\\Documents\\hasil clone eklinik\\eklinik\\vendor\\laravel\\framework\\src\\Illuminate\\Database\\Migrations\\Migrator.php(628): Illuminate\\Database\\Console\\Migrations\\MigrateCommand->Illuminate\\Database\\Console\\Migrations\\{closure}()
#12 C:\\Users\\yuani\\OneDrive\\Documents\\hasil clone eklinik\\eklinik\\vendor\\laravel\\framework\\src\\Illuminate\\Database\\Console\\Migrations\\MigrateCommand.php(81): Illuminate\\Database\\Migrations\\Migrator->usingConnection()
#13 C:\\Users\\yuani\\OneDrive\\Documents\\hasil clone eklinik\\eklinik\\vendor\\laravel\\framework\\src\\Illuminate\\Container\\BoundMethod.php(36): Illuminate\\Database\\Console\\Migrations\\MigrateCommand->handle()
#14 C:\\Users\\yuani\\OneDrive\\Documents\\hasil clone eklinik\\eklinik\\vendor\\laravel\\framework\\src\\Illuminate\\Container\\Util.php(41): Illuminate\\Container\\BoundMethod::Illuminate\\Container\\{closure}()
#15 C:\\Users\\yuani\\OneDrive\\Documents\\hasil clone eklinik\\eklinik\\vendor\\laravel\\framework\\src\\Illuminate\\Container\\BoundMethod.php(93): Illuminate\\Container\\Util::unwrapIfClosure()
#16 C:\\Users\\yuani\\OneDrive\\Documents\\hasil clone eklinik\\eklinik\\vendor\\laravel\\framework\\src\\Illuminate\\Container\\BoundMethod.php(35): Illuminate\\Container\\BoundMethod::callBoundMethod()
#17 C:\\Users\\yuani\\OneDrive\\Documents\\hasil clone eklinik\\eklinik\\vendor\\laravel\\framework\\src\\Illuminate\\Container\\Container.php(661): Illuminate\\Container\\BoundMethod::call()
#18 C:\\Users\\yuani\\OneDrive\\Documents\\hasil clone eklinik\\eklinik\\vendor\\laravel\\framework\\src\\Illuminate\\Console\\Command.php(183): Illuminate\\Container\\Container->call()
#19 C:\\Users\\yuani\\OneDrive\\Documents\\hasil clone eklinik\\eklinik\\vendor\\symfony\\console\\Command\\Command.php(326): Illuminate\\Console\\Command->execute()
#20 C:\\Users\\yuani\\OneDrive\\Documents\\hasil clone eklinik\\eklinik\\vendor\\laravel\\framework\\src\\Illuminate\\Console\\Command.php(152): Symfony\\Component\\Console\\Command\\Command->run()
#21 C:\\Users\\yuani\\OneDrive\\Documents\\hasil clone eklinik\\eklinik\\vendor\\symfony\\console\\Application.php(1063): Illuminate\\Console\\Command->run()
#22 C:\\Users\\yuani\\OneDrive\\Documents\\hasil clone eklinik\\eklinik\\vendor\\symfony\\console\\Application.php(320): Symfony\\Component\\Console\\Application->doRunCommand()
#23 C:\\Users\\yuani\\OneDrive\\Documents\\hasil clone eklinik\\eklinik\\vendor\\symfony\\console\\Application.php(174): Symfony\\Component\\Console\\Application->doRun()
#24 C:\\Users\\yuani\\OneDrive\\Documents\\hasil clone eklinik\\eklinik\\vendor\\laravel\\framework\\src\\Illuminate\\Console\\Application.php(102): Symfony\\Component\\Console\\Application->run()
#25 C:\\Users\\yuani\\OneDrive\\Documents\\hasil clone eklinik\\eklinik\\vendor\\laravel\\framework\\src\\Illuminate\\Foundation\\Console\\Kernel.php(155): Illuminate\\Console\\Application->run()
#26 C:\\Users\\yuani\\OneDrive\\Documents\\hasil clone eklinik\\eklinik\\artisan(35): Illuminate\\Foundation\\Console\\Kernel->handle()
#27 {main}

[previous exception] [object] (PDOException(code: 0): could not find driver at C:\\Users\\yuani\\OneDrive\\Documents\\hasil clone eklinik\\eklinik\\vendor\\laravel\\framework\\src\\Illuminate\\Database\\Connectors\\Connector.php:70)
[stacktrace]
#0 C:\\Users\\yuani\\OneDrive\\Documents\\hasil clone eklinik\\eklinik\\vendor\\laravel\\framework\\src\\Illuminate\\Database\\Connectors\\Connector.php(70): PDO->__construct()
#1 C:\\Users\\yuani\\OneDrive\\Documents\\hasil clone eklinik\\eklinik\\vendor\\laravel\\framework\\src\\Illuminate\\Database\\Connectors\\Connector.php(45): Illuminate\\Database\\Connectors\\Connector->createPdoConnection()
#2 C:\\Users\\yuani\\OneDrive\\Documents\\hasil clone eklinik\\eklinik\\vendor\\laravel\\framework\\src\\Illuminate\\Database\\Connectors\\MySqlConnector.php(24): Illuminate\\Database\\Connectors\\Connector->createConnection()
#3 C:\\Users\\yuani\\OneDrive\\Documents\\hasil clone eklinik\\eklinik\\vendor\\laravel\\framework\\src\\Illuminate\\Database\\Connectors\\ConnectionFactory.php(184): Illuminate\\Database\\Connectors\\MySqlConnector->connect()
#4 [internal function]: Illuminate\\Database\\Connectors\\ConnectionFactory->Illuminate\\Database\\Connectors\\{closure}()
#5 C:\\Users\\yuani\\OneDrive\\Documents\\hasil clone eklinik\\eklinik\\vendor\\laravel\\framework\\src\\Illuminate\\Database\\Connection.php(1181): call_user_func()
#6 C:\\Users\\yuani\\OneDrive\\Documents\\hasil clone eklinik\\eklinik\\vendor\\laravel\\framework\\src\\Illuminate\\Database\\Connection.php(486): Illuminate\\Database\\Connection->getPdo()
#7 C:\\Users\\yuani\\OneDrive\\Documents\\hasil clone eklinik\\eklinik\\vendor\\laravel\\framework\\src\\Illuminate\\Database\\Connection.php(414): Illuminate\\Database\\Connection->getPdoForSelect()
#8 C:\\Users\\yuani\\OneDrive\\Documents\\hasil clone eklinik\\eklinik\\vendor\\laravel\\framework\\src\\Illuminate\\Database\\Connection.php(753): Illuminate\\Database\\Connection->Illuminate\\Database\\{closure}()
#9 C:\\Users\\yuani\\OneDrive\\Documents\\hasil clone eklinik\\eklinik\\vendor\\laravel\\framework\\src\\Illuminate\\Database\\Connection.php(720): Illuminate\\Database\\Connection->runQueryCallback()
#10 C:\\Users\\yuani\\OneDrive\\Documents\\hasil clone eklinik\\eklinik\\vendor\\laravel\\framework\\src\\Illuminate\\Database\\Connection.php(405): Illuminate\\Database\\Connection->run()
#11 C:\\Users\\yuani\\OneDrive\\Documents\\hasil clone eklinik\\eklinik\\vendor\\laravel\\framework\\src\\Illuminate\\Database\\Connection.php(392): Illuminate\\Database\\Connection->select()
#12 C:\\Users\\yuani\\OneDrive\\Documents\\hasil clone eklinik\\eklinik\\vendor\\laravel\\framework\\src\\Illuminate\\Database\\Schema\\MySqlBuilder.php(43): Illuminate\\Database\\Connection->selectFromWriteConnection()
#13 C:\\Users\\yuani\\OneDrive\\Documents\\hasil clone eklinik\\eklinik\\vendor\\laravel\\framework\\src\\Illuminate\\Database\\Migrations\\DatabaseMigrationRepository.php(169): Illuminate\\Database\\Schema\\MySqlBuilder->hasTable()
#14 C:\\Users\\yuani\\OneDrive\\Documents\\hasil clone eklinik\\eklinik\\vendor\\laravel\\framework\\src\\Illuminate\\Database\\Migrations\\Migrator.php(695): Illuminate\\Database\\Migrations\\DatabaseMigrationRepository->repositoryExists()
#15 C:\\Users\\yuani\\OneDrive\\Documents\\hasil clone eklinik\\eklinik\\vendor\\laravel\\framework\\src\\Illuminate\\Database\\Console\\Migrations\\MigrateCommand.php(138): Illuminate\\Database\\Migrations\\Migrator->repositoryExists()
#16 C:\\Users\\yuani\\OneDrive\\Documents\\hasil clone eklinik\\eklinik\\vendor\\laravel\\framework\\src\\Illuminate\\Support\\helpers.php(247): Illuminate\\Database\\Console\\Migrations\\MigrateCommand->Illuminate\\Database\\Console\\Migrations\\{closure}()
#17 C:\\Users\\yuani\\OneDrive\\Documents\\hasil clone eklinik\\eklinik\\vendor\\laravel\\framework\\src\\Illuminate\\Database\\Console\\Migrations\\MigrateCommand.php(138): retry()
#18 C:\\Users\\yuani\\OneDrive\\Documents\\hasil clone eklinik\\eklinik\\vendor\\laravel\\framework\\src\\Illuminate\\Database\\Console\\Migrations\\MigrateCommand.php(114): Illuminate\\Database\\Console\\Migrations\\MigrateCommand->repositoryExists()
#19 C:\\Users\\yuani\\OneDrive\\Documents\\hasil clone eklinik\\eklinik\\vendor\\laravel\\framework\\src\\Illuminate\\Database\\Console\\Migrations\\MigrateCommand.php(82): Illuminate\\Database\\Console\\Migrations\\MigrateCommand->prepareDatabase()
#20 C:\\Users\\yuani\\OneDrive\\Documents\\hasil clone eklinik\\eklinik\\vendor\\laravel\\framework\\src\\Illuminate\\Database\\Migrations\\Migrator.php(628): Illuminate\\Database\\Console\\Migrations\\MigrateCommand->Illuminate\\Database\\Console\\Migrations\\{closure}()
#21 C:\\Users\\yuani\\OneDrive\\Documents\\hasil clone eklinik\\eklinik\\vendor\\laravel\\framework\\src\\Illuminate\\Database\\Console\\Migrations\\MigrateCommand.php(81): Illuminate\\Database\\Migrations\\Migrator->usingConnection()
#22 C:\\Users\\yuani\\OneDrive\\Documents\\hasil clone eklinik\\eklinik\\vendor\\laravel\\framework\\src\\Illuminate\\Container\\BoundMethod.php(36): Illuminate\\Database\\Console\\Migrations\\MigrateCommand->handle()
#23 C:\\Users\\yuani\\OneDrive\\Documents\\hasil clone eklinik\\eklinik\\vendor\\laravel\\framework\\src\\Illuminate\\Container\\Util.php(41): Illuminate\\Container\\BoundMethod::Illuminate\\Container\\{closure}()
#24 C:\\Users\\yuani\\OneDrive\\Documents\\hasil clone eklinik\\eklinik\\vendor\\laravel\\framework\\src\\Illuminate\\Container\\BoundMethod.php(93): Illuminate\\Container\\Util::unwrapIfClosure()
#25 C:\\Users\\yuani\\OneDrive\\Documents\\hasil clone eklinik\\eklinik\\vendor\\laravel\\framework\\src\\Illuminate\\Container\\BoundMethod.php(35): Illuminate\\Container\\BoundMethod::callBoundMethod()
#26 C:\\Users\\yuani\\OneDrive\\Documents\\hasil clone eklinik\\eklinik\\vendor\\laravel\\framework\\src\\Illuminate\\Container\\Container.php(661): Illuminate\\Container\\BoundMethod::call()
#27 C:\\Users\\yuani\\OneDrive\\Documents\\hasil clone eklinik\\eklinik\\vendor\\laravel\\framework\\src\\Illuminate\\Console\\Command.php(183): Illuminate\\Container\\Container->call()
#28 C:\\Users\\yuani\\OneDrive\\Documents\\hasil clone eklinik\\eklinik\\vendor\\symfony\\console\\Command\\Command.php(326): Illuminate\\Console\\Command->execute()
#29 C:\\Users\\yuani\\OneDrive\\Documents\\hasil clone eklinik\\eklinik\\vendor\\laravel\\framework\\src\\Illuminate\\Console\\Command.php(152): Symfony\\Component\\Console\\Command\\Command->run()
#30 C:\\Users\\yuani\\OneDrive\\Documents\\hasil clone eklinik\\eklinik\\vendor\\symfony\\console\\Application.php(1063): Illuminate\\Console\\Command->run()
#31 C:\\Users\\yuani\\OneDrive\\Documents\\hasil clone eklinik\\eklinik\\vendor\\symfony\\console\\Application.php(320): Symfony\\Component\\Console\\Application->doRunCommand()
#32 C:\\Users\\yuani\\OneDrive\\Documents\\hasil clone eklinik\\eklinik\\vendor\\symfony\\console\\Application.php(174): Symfony\\Component\\Console\\Application->doRun()
#33 C:\\Users\\yuani\\OneDrive\\Documents\\hasil clone eklinik\\eklinik\\vendor\\laravel\\framework\\src\\Illuminate\\Console\\Application.php(102): Symfony\\Component\\Console\\Application->run()
#34 C:\\Users\\yuani\\OneDrive\\Documents\\hasil clone eklinik\\eklinik\\vendor\\laravel\\framework\\src\\Illuminate\\Foundation\\Console\\Kernel.php(155): Illuminate\\Console\\Application->run()
#35 C:\\Users\\yuani\\OneDrive\\Documents\\hasil clone eklinik\\eklinik\\artisan(35): Illuminate\\Foundation\\Console\\Kernel->handle()
#36 {main}
"} 
[2023-08-21 02:09:23] local.ERROR: could not find driver (SQL: select * from information_schema.tables where table_schema = eklinik and table_name = migrations and table_type = 'BASE TABLE') {"exception":"[object] (Illuminate\\Database\\QueryException(code: 0): could not find driver (SQL: select * from information_schema.tables where table_schema = eklinik and table_name = migrations and table_type = 'BASE TABLE') at C:\\Users\\yuani\\OneDrive\\Documents\\hasil clone eklinik\\eklinik\\vendor\\laravel\\framework\\src\\Illuminate\\Database\\Connection.php:760)
[stacktrace]
#0 C:\\Users\\yuani\\OneDrive\\Documents\\hasil clone eklinik\\eklinik\\vendor\\laravel\\framework\\src\\Illuminate\\Database\\Connection.php(720): Illuminate\\Database\\Connection->runQueryCallback()
#1 C:\\Users\\yuani\\OneDrive\\Documents\\hasil clone eklinik\\eklinik\\vendor\\laravel\\framework\\src\\Illuminate\\Database\\Connection.php(405): Illuminate\\Database\\Connection->run()
#2 C:\\Users\\yuani\\OneDrive\\Documents\\hasil clone eklinik\\eklinik\\vendor\\laravel\\framework\\src\\Illuminate\\Database\\Connection.php(392): Illuminate\\Database\\Connection->select()
#3 C:\\Users\\yuani\\OneDrive\\Documents\\hasil clone eklinik\\eklinik\\vendor\\laravel\\framework\\src\\Illuminate\\Database\\Schema\\MySqlBuilder.php(43): Illuminate\\Database\\Connection->selectFromWriteConnection()
#4 C:\\Users\\yuani\\OneDrive\\Documents\\hasil clone eklinik\\eklinik\\vendor\\laravel\\framework\\src\\Illuminate\\Database\\Migrations\\DatabaseMigrationRepository.php(169): Illuminate\\Database\\Schema\\MySqlBuilder->hasTable()
#5 C:\\Users\\yuani\\OneDrive\\Documents\\hasil clone eklinik\\eklinik\\vendor\\laravel\\framework\\src\\Illuminate\\Database\\Migrations\\Migrator.php(695): Illuminate\\Database\\Migrations\\DatabaseMigrationRepository->repositoryExists()
#6 C:\\Users\\yuani\\OneDrive\\Documents\\hasil clone eklinik\\eklinik\\vendor\\laravel\\framework\\src\\Illuminate\\Database\\Console\\Migrations\\MigrateCommand.php(138): Illuminate\\Database\\Migrations\\Migrator->repositoryExists()
#7 C:\\Users\\yuani\\OneDrive\\Documents\\hasil clone eklinik\\eklinik\\vendor\\laravel\\framework\\src\\Illuminate\\Support\\helpers.php(247): Illuminate\\Database\\Console\\Migrations\\MigrateCommand->Illuminate\\Database\\Console\\Migrations\\{closure}()
#8 C:\\Users\\yuani\\OneDrive\\Documents\\hasil clone eklinik\\eklinik\\vendor\\laravel\\framework\\src\\Illuminate\\Database\\Console\\Migrations\\MigrateCommand.php(138): retry()
#9 C:\\Users\\yuani\\OneDrive\\Documents\\hasil clone eklinik\\eklinik\\vendor\\laravel\\framework\\src\\Illuminate\\Database\\Console\\Migrations\\MigrateCommand.php(114): Illuminate\\Database\\Console\\Migrations\\MigrateCommand->repositoryExists()
#10 C:\\Users\\yuani\\OneDrive\\Documents\\hasil clone eklinik\\eklinik\\vendor\\laravel\\framework\\src\\Illuminate\\Database\\Console\\Migrations\\MigrateCommand.php(82): Illuminate\\Database\\Console\\Migrations\\MigrateCommand->prepareDatabase()
#11 C:\\Users\\yuani\\OneDrive\\Documents\\hasil clone eklinik\\eklinik\\vendor\\laravel\\framework\\src\\Illuminate\\Database\\Migrations\\Migrator.php(628): Illuminate\\Database\\Console\\Migrations\\MigrateCommand->Illuminate\\Database\\Console\\Migrations\\{closure}()
#12 C:\\Users\\yuani\\OneDrive\\Documents\\hasil clone eklinik\\eklinik\\vendor\\laravel\\framework\\src\\Illuminate\\Database\\Console\\Migrations\\MigrateCommand.php(81): Illuminate\\Database\\Migrations\\Migrator->usingConnection()
#13 C:\\Users\\yuani\\OneDrive\\Documents\\hasil clone eklinik\\eklinik\\vendor\\laravel\\framework\\src\\Illuminate\\Container\\BoundMethod.php(36): Illuminate\\Database\\Console\\Migrations\\MigrateCommand->handle()
#14 C:\\Users\\yuani\\OneDrive\\Documents\\hasil clone eklinik\\eklinik\\vendor\\laravel\\framework\\src\\Illuminate\\Container\\Util.php(41): Illuminate\\Container\\BoundMethod::Illuminate\\Container\\{closure}()
#15 C:\\Users\\yuani\\OneDrive\\Documents\\hasil clone eklinik\\eklinik\\vendor\\laravel\\framework\\src\\Illuminate\\Container\\BoundMethod.php(93): Illuminate\\Container\\Util::unwrapIfClosure()
#16 C:\\Users\\yuani\\OneDrive\\Documents\\hasil clone eklinik\\eklinik\\vendor\\laravel\\framework\\src\\Illuminate\\Container\\BoundMethod.php(35): Illuminate\\Container\\BoundMethod::callBoundMethod()
#17 C:\\Users\\yuani\\OneDrive\\Documents\\hasil clone eklinik\\eklinik\\vendor\\laravel\\framework\\src\\Illuminate\\Container\\Container.php(661): Illuminate\\Container\\BoundMethod::call()
#18 C:\\Users\\yuani\\OneDrive\\Documents\\hasil clone eklinik\\eklinik\\vendor\\laravel\\framework\\src\\Illuminate\\Console\\Command.php(183): Illuminate\\Container\\Container->call()
#19 C:\\Users\\yuani\\OneDrive\\Documents\\hasil clone eklinik\\eklinik\\vendor\\symfony\\console\\Command\\Command.php(326): Illuminate\\Console\\Command->execute()
#20 C:\\Users\\yuani\\OneDrive\\Documents\\hasil clone eklinik\\eklinik\\vendor\\laravel\\framework\\src\\Illuminate\\Console\\Command.php(152): Symfony\\Component\\Console\\Command\\Command->run()
#21 C:\\Users\\yuani\\OneDrive\\Documents\\hasil clone eklinik\\eklinik\\vendor\\symfony\\console\\Application.php(1063): Illuminate\\Console\\Command->run()
#22 C:\\Users\\yuani\\OneDrive\\Documents\\hasil clone eklinik\\eklinik\\vendor\\symfony\\console\\Application.php(320): Symfony\\Component\\Console\\Application->doRunCommand()
#23 C:\\Users\\yuani\\OneDrive\\Documents\\hasil clone eklinik\\eklinik\\vendor\\symfony\\console\\Application.php(174): Symfony\\Component\\Console\\Application->doRun()
#24 C:\\Users\\yuani\\OneDrive\\Documents\\hasil clone eklinik\\eklinik\\vendor\\laravel\\framework\\src\\Illuminate\\Console\\Application.php(102): Symfony\\Component\\Console\\Application->run()
#25 C:\\Users\\yuani\\OneDrive\\Documents\\hasil clone eklinik\\eklinik\\vendor\\laravel\\framework\\src\\Illuminate\\Foundation\\Console\\Kernel.php(155): Illuminate\\Console\\Application->run()
#26 C:\\Users\\yuani\\OneDrive\\Documents\\hasil clone eklinik\\eklinik\\artisan(35): Illuminate\\Foundation\\Console\\Kernel->handle()
#27 {main}

[previous exception] [object] (PDOException(code: 0): could not find driver at C:\\Users\\yuani\\OneDrive\\Documents\\hasil clone eklinik\\eklinik\\vendor\\laravel\\framework\\src\\Illuminate\\Database\\Connectors\\Connector.php:70)
[stacktrace]
#0 C:\\Users\\yuani\\OneDrive\\Documents\\hasil clone eklinik\\eklinik\\vendor\\laravel\\framework\\src\\Illuminate\\Database\\Connectors\\Connector.php(70): PDO->__construct()
#1 C:\\Users\\yuani\\OneDrive\\Documents\\hasil clone eklinik\\eklinik\\vendor\\laravel\\framework\\src\\Illuminate\\Database\\Connectors\\Connector.php(45): Illuminate\\Database\\Connectors\\Connector->createPdoConnection()
#2 C:\\Users\\yuani\\OneDrive\\Documents\\hasil clone eklinik\\eklinik\\vendor\\laravel\\framework\\src\\Illuminate\\Database\\Connectors\\MySqlConnector.php(24): Illuminate\\Database\\Connectors\\Connector->createConnection()
#3 C:\\Users\\yuani\\OneDrive\\Documents\\hasil clone eklinik\\eklinik\\vendor\\laravel\\framework\\src\\Illuminate\\Database\\Connectors\\ConnectionFactory.php(184): Illuminate\\Database\\Connectors\\MySqlConnector->connect()
#4 [internal function]: Illuminate\\Database\\Connectors\\ConnectionFactory->Illuminate\\Database\\Connectors\\{closure}()
#5 C:\\Users\\yuani\\OneDrive\\Documents\\hasil clone eklinik\\eklinik\\vendor\\laravel\\framework\\src\\Illuminate\\Database\\Connection.php(1181): call_user_func()
#6 C:\\Users\\yuani\\OneDrive\\Documents\\hasil clone eklinik\\eklinik\\vendor\\laravel\\framework\\src\\Illuminate\\Database\\Connection.php(486): Illuminate\\Database\\Connection->getPdo()
#7 C:\\Users\\yuani\\OneDrive\\Documents\\hasil clone eklinik\\eklinik\\vendor\\laravel\\framework\\src\\Illuminate\\Database\\Connection.php(414): Illuminate\\Database\\Connection->getPdoForSelect()
#8 C:\\Users\\yuani\\OneDrive\\Documents\\hasil clone eklinik\\eklinik\\vendor\\laravel\\framework\\src\\Illuminate\\Database\\Connection.php(753): Illuminate\\Database\\Connection->Illuminate\\Database\\{closure}()
#9 C:\\Users\\yuani\\OneDrive\\Documents\\hasil clone eklinik\\eklinik\\vendor\\laravel\\framework\\src\\Illuminate\\Database\\Connection.php(720): Illuminate\\Database\\Connection->runQueryCallback()
#10 C:\\Users\\yuani\\OneDrive\\Documents\\hasil clone eklinik\\eklinik\\vendor\\laravel\\framework\\src\\Illuminate\\Database\\Connection.php(405): Illuminate\\Database\\Connection->run()
#11 C:\\Users\\yuani\\OneDrive\\Documents\\hasil clone eklinik\\eklinik\\vendor\\laravel\\framework\\src\\Illuminate\\Database\\Connection.php(392): Illuminate\\Database\\Connection->select()
#12 C:\\Users\\yuani\\OneDrive\\Documents\\hasil clone eklinik\\eklinik\\vendor\\laravel\\framework\\src\\Illuminate\\Database\\Schema\\MySqlBuilder.php(43): Illuminate\\Database\\Connection->selectFromWriteConnection()
#13 C:\\Users\\yuani\\OneDrive\\Documents\\hasil clone eklinik\\eklinik\\vendor\\laravel\\framework\\src\\Illuminate\\Database\\Migrations\\DatabaseMigrationRepository.php(169): Illuminate\\Database\\Schema\\MySqlBuilder->hasTable()
#14 C:\\Users\\yuani\\OneDrive\\Documents\\hasil clone eklinik\\eklinik\\vendor\\laravel\\framework\\src\\Illuminate\\Database\\Migrations\\Migrator.php(695): Illuminate\\Database\\Migrations\\DatabaseMigrationRepository->repositoryExists()
#15 C:\\Users\\yuani\\OneDrive\\Documents\\hasil clone eklinik\\eklinik\\vendor\\laravel\\framework\\src\\Illuminate\\Database\\Console\\Migrations\\MigrateCommand.php(138): Illuminate\\Database\\Migrations\\Migrator->repositoryExists()
#16 C:\\Users\\yuani\\OneDrive\\Documents\\hasil clone eklinik\\eklinik\\vendor\\laravel\\framework\\src\\Illuminate\\Support\\helpers.php(247): Illuminate\\Database\\Console\\Migrations\\MigrateCommand->Illuminate\\Database\\Console\\Migrations\\{closure}()
#17 C:\\Users\\yuani\\OneDrive\\Documents\\hasil clone eklinik\\eklinik\\vendor\\laravel\\framework\\src\\Illuminate\\Database\\Console\\Migrations\\MigrateCommand.php(138): retry()
#18 C:\\Users\\yuani\\OneDrive\\Documents\\hasil clone eklinik\\eklinik\\vendor\\laravel\\framework\\src\\Illuminate\\Database\\Console\\Migrations\\MigrateCommand.php(114): Illuminate\\Database\\Console\\Migrations\\MigrateCommand->repositoryExists()
#19 C:\\Users\\yuani\\OneDrive\\Documents\\hasil clone eklinik\\eklinik\\vendor\\laravel\\framework\\src\\Illuminate\\Database\\Console\\Migrations\\MigrateCommand.php(82): Illuminate\\Database\\Console\\Migrations\\MigrateCommand->prepareDatabase()
#20 C:\\Users\\yuani\\OneDrive\\Documents\\hasil clone eklinik\\eklinik\\vendor\\laravel\\framework\\src\\Illuminate\\Database\\Migrations\\Migrator.php(628): Illuminate\\Database\\Console\\Migrations\\MigrateCommand->Illuminate\\Database\\Console\\Migrations\\{closure}()
#21 C:\\Users\\yuani\\OneDrive\\Documents\\hasil clone eklinik\\eklinik\\vendor\\laravel\\framework\\src\\Illuminate\\Database\\Console\\Migrations\\MigrateCommand.php(81): Illuminate\\Database\\Migrations\\Migrator->usingConnection()
#22 C:\\Users\\yuani\\OneDrive\\Documents\\hasil clone eklinik\\eklinik\\vendor\\laravel\\framework\\src\\Illuminate\\Container\\BoundMethod.php(36): Illuminate\\Database\\Console\\Migrations\\MigrateCommand->handle()
#23 C:\\Users\\yuani\\OneDrive\\Documents\\hasil clone eklinik\\eklinik\\vendor\\laravel\\framework\\src\\Illuminate\\Container\\Util.php(41): Illuminate\\Container\\BoundMethod::Illuminate\\Container\\{closure}()
#24 C:\\Users\\yuani\\OneDrive\\Documents\\hasil clone eklinik\\eklinik\\vendor\\laravel\\framework\\src\\Illuminate\\Container\\BoundMethod.php(93): Illuminate\\Container\\Util::unwrapIfClosure()
#25 C:\\Users\\yuani\\OneDrive\\Documents\\hasil clone eklinik\\eklinik\\vendor\\laravel\\framework\\src\\Illuminate\\Container\\BoundMethod.php(35): Illuminate\\Container\\BoundMethod::callBoundMethod()
#26 C:\\Users\\yuani\\OneDrive\\Documents\\hasil clone eklinik\\eklinik\\vendor\\laravel\\framework\\src\\Illuminate\\Container\\Container.php(661): Illuminate\\Container\\BoundMethod::call()
#27 C:\\Users\\yuani\\OneDrive\\Documents\\hasil clone eklinik\\eklinik\\vendor\\laravel\\framework\\src\\Illuminate\\Console\\Command.php(183): Illuminate\\Container\\Container->call()
#28 C:\\Users\\yuani\\OneDrive\\Documents\\hasil clone eklinik\\eklinik\\vendor\\symfony\\console\\Command\\Command.php(326): Illuminate\\Console\\Command->execute()
#29 C:\\Users\\yuani\\OneDrive\\Documents\\hasil clone eklinik\\eklinik\\vendor\\laravel\\framework\\src\\Illuminate\\Console\\Command.php(152): Symfony\\Component\\Console\\Command\\Command->run()
#30 C:\\Users\\yuani\\OneDrive\\Documents\\hasil clone eklinik\\eklinik\\vendor\\symfony\\console\\Application.php(1063): Illuminate\\Console\\Command->run()
#31 C:\\Users\\yuani\\OneDrive\\Documents\\hasil clone eklinik\\eklinik\\vendor\\symfony\\console\\Application.php(320): Symfony\\Component\\Console\\Application->doRunCommand()
#32 C:\\Users\\yuani\\OneDrive\\Documents\\hasil clone eklinik\\eklinik\\vendor\\symfony\\console\\Application.php(174): Symfony\\Component\\Console\\Application->doRun()
#33 C:\\Users\\yuani\\OneDrive\\Documents\\hasil clone eklinik\\eklinik\\vendor\\laravel\\framework\\src\\Illuminate\\Console\\Application.php(102): Symfony\\Component\\Console\\Application->run()
#34 C:\\Users\\yuani\\OneDrive\\Documents\\hasil clone eklinik\\eklinik\\vendor\\laravel\\framework\\src\\Illuminate\\Foundation\\Console\\Kernel.php(155): Illuminate\\Console\\Application->run()
#35 C:\\Users\\yuani\\OneDrive\\Documents\\hasil clone eklinik\\eklinik\\artisan(35): Illuminate\\Foundation\\Console\\Kernel->handle()
#36 {main}
"} 
[2023-08-21 02:09:41] local.ERROR: could not find driver (SQL: select * from information_schema.tables where table_schema = eklinik and table_name = migrations and table_type = 'BASE TABLE') {"exception":"[object] (Illuminate\\Database\\QueryException(code: 0): could not find driver (SQL: select * from information_schema.tables where table_schema = eklinik and table_name = migrations and table_type = 'BASE TABLE') at C:\\Users\\yuani\\OneDrive\\Documents\\hasil clone eklinik\\eklinik\\vendor\\laravel\\framework\\src\\Illuminate\\Database\\Connection.php:760)
[stacktrace]
#0 C:\\Users\\yuani\\OneDrive\\Documents\\hasil clone eklinik\\eklinik\\vendor\\laravel\\framework\\src\\Illuminate\\Database\\Connection.php(720): Illuminate\\Database\\Connection->runQueryCallback()
#1 C:\\Users\\yuani\\OneDrive\\Documents\\hasil clone eklinik\\eklinik\\vendor\\laravel\\framework\\src\\Illuminate\\Database\\Connection.php(405): Illuminate\\Database\\Connection->run()
#2 C:\\Users\\yuani\\OneDrive\\Documents\\hasil clone eklinik\\eklinik\\vendor\\laravel\\framework\\src\\Illuminate\\Database\\Connection.php(392): Illuminate\\Database\\Connection->select()
#3 C:\\Users\\yuani\\OneDrive\\Documents\\hasil clone eklinik\\eklinik\\vendor\\laravel\\framework\\src\\Illuminate\\Database\\Schema\\MySqlBuilder.php(43): Illuminate\\Database\\Connection->selectFromWriteConnection()
#4 C:\\Users\\yuani\\OneDrive\\Documents\\hasil clone eklinik\\eklinik\\vendor\\laravel\\framework\\src\\Illuminate\\Database\\Migrations\\DatabaseMigrationRepository.php(169): Illuminate\\Database\\Schema\\MySqlBuilder->hasTable()
#5 C:\\Users\\yuani\\OneDrive\\Documents\\hasil clone eklinik\\eklinik\\vendor\\laravel\\framework\\src\\Illuminate\\Database\\Migrations\\Migrator.php(695): Illuminate\\Database\\Migrations\\DatabaseMigrationRepository->repositoryExists()
#6 C:\\Users\\yuani\\OneDrive\\Documents\\hasil clone eklinik\\eklinik\\vendor\\laravel\\framework\\src\\Illuminate\\Database\\Console\\Migrations\\MigrateCommand.php(138): Illuminate\\Database\\Migrations\\Migrator->repositoryExists()
#7 C:\\Users\\yuani\\OneDrive\\Documents\\hasil clone eklinik\\eklinik\\vendor\\laravel\\framework\\src\\Illuminate\\Support\\helpers.php(247): Illuminate\\Database\\Console\\Migrations\\MigrateCommand->Illuminate\\Database\\Console\\Migrations\\{closure}()
#8 C:\\Users\\yuani\\OneDrive\\Documents\\hasil clone eklinik\\eklinik\\vendor\\laravel\\framework\\src\\Illuminate\\Database\\Console\\Migrations\\MigrateCommand.php(138): retry()
#9 C:\\Users\\yuani\\OneDrive\\Documents\\hasil clone eklinik\\eklinik\\vendor\\laravel\\framework\\src\\Illuminate\\Database\\Console\\Migrations\\MigrateCommand.php(114): Illuminate\\Database\\Console\\Migrations\\MigrateCommand->repositoryExists()
#10 C:\\Users\\yuani\\OneDrive\\Documents\\hasil clone eklinik\\eklinik\\vendor\\laravel\\framework\\src\\Illuminate\\Database\\Console\\Migrations\\MigrateCommand.php(82): Illuminate\\Database\\Console\\Migrations\\MigrateCommand->prepareDatabase()
#11 C:\\Users\\yuani\\OneDrive\\Documents\\hasil clone eklinik\\eklinik\\vendor\\laravel\\framework\\src\\Illuminate\\Database\\Migrations\\Migrator.php(628): Illuminate\\Database\\Console\\Migrations\\MigrateCommand->Illuminate\\Database\\Console\\Migrations\\{closure}()
#12 C:\\Users\\yuani\\OneDrive\\Documents\\hasil clone eklinik\\eklinik\\vendor\\laravel\\framework\\src\\Illuminate\\Database\\Console\\Migrations\\MigrateCommand.php(81): Illuminate\\Database\\Migrations\\Migrator->usingConnection()
#13 C:\\Users\\yuani\\OneDrive\\Documents\\hasil clone eklinik\\eklinik\\vendor\\laravel\\framework\\src\\Illuminate\\Container\\BoundMethod.php(36): Illuminate\\Database\\Console\\Migrations\\MigrateCommand->handle()
#14 C:\\Users\\yuani\\OneDrive\\Documents\\hasil clone eklinik\\eklinik\\vendor\\laravel\\framework\\src\\Illuminate\\Container\\Util.php(41): Illuminate\\Container\\BoundMethod::Illuminate\\Container\\{closure}()
#15 C:\\Users\\yuani\\OneDrive\\Documents\\hasil clone eklinik\\eklinik\\vendor\\laravel\\framework\\src\\Illuminate\\Container\\BoundMethod.php(93): Illuminate\\Container\\Util::unwrapIfClosure()
#16 C:\\Users\\yuani\\OneDrive\\Documents\\hasil clone eklinik\\eklinik\\vendor\\laravel\\framework\\src\\Illuminate\\Container\\BoundMethod.php(35): Illuminate\\Container\\BoundMethod::callBoundMethod()
#17 C:\\Users\\yuani\\OneDrive\\Documents\\hasil clone eklinik\\eklinik\\vendor\\laravel\\framework\\src\\Illuminate\\Container\\Container.php(661): Illuminate\\Container\\BoundMethod::call()
#18 C:\\Users\\yuani\\OneDrive\\Documents\\hasil clone eklinik\\eklinik\\vendor\\laravel\\framework\\src\\Illuminate\\Console\\Command.php(183): Illuminate\\Container\\Container->call()
#19 C:\\Users\\yuani\\OneDrive\\Documents\\hasil clone eklinik\\eklinik\\vendor\\symfony\\console\\Command\\Command.php(326): Illuminate\\Console\\Command->execute()
#20 C:\\Users\\yuani\\OneDrive\\Documents\\hasil clone eklinik\\eklinik\\vendor\\laravel\\framework\\src\\Illuminate\\Console\\Command.php(152): Symfony\\Component\\Console\\Command\\Command->run()
#21 C:\\Users\\yuani\\OneDrive\\Documents\\hasil clone eklinik\\eklinik\\vendor\\symfony\\console\\Application.php(1063): Illuminate\\Console\\Command->run()
#22 C:\\Users\\yuani\\OneDrive\\Documents\\hasil clone eklinik\\eklinik\\vendor\\symfony\\console\\Application.php(320): Symfony\\Component\\Console\\Application->doRunCommand()
#23 C:\\Users\\yuani\\OneDrive\\Documents\\hasil clone eklinik\\eklinik\\vendor\\symfony\\console\\Application.php(174): Symfony\\Component\\Console\\Application->doRun()
#24 C:\\Users\\yuani\\OneDrive\\Documents\\hasil clone eklinik\\eklinik\\vendor\\laravel\\framework\\src\\Illuminate\\Console\\Application.php(102): Symfony\\Component\\Console\\Application->run()
#25 C:\\Users\\yuani\\OneDrive\\Documents\\hasil clone eklinik\\eklinik\\vendor\\laravel\\framework\\src\\Illuminate\\Foundation\\Console\\Kernel.php(155): Illuminate\\Console\\Application->run()
#26 C:\\Users\\yuani\\OneDrive\\Documents\\hasil clone eklinik\\eklinik\\artisan(35): Illuminate\\Foundation\\Console\\Kernel->handle()
#27 {main}

[previous exception] [object] (PDOException(code: 0): could not find driver at C:\\Users\\yuani\\OneDrive\\Documents\\hasil clone eklinik\\eklinik\\vendor\\laravel\\framework\\src\\Illuminate\\Database\\Connectors\\Connector.php:70)
[stacktrace]
#0 C:\\Users\\yuani\\OneDrive\\Documents\\hasil clone eklinik\\eklinik\\vendor\\laravel\\framework\\src\\Illuminate\\Database\\Connectors\\Connector.php(70): PDO->__construct()
#1 C:\\Users\\yuani\\OneDrive\\Documents\\hasil clone eklinik\\eklinik\\vendor\\laravel\\framework\\src\\Illuminate\\Database\\Connectors\\Connector.php(45): Illuminate\\Database\\Connectors\\Connector->createPdoConnection()
#2 C:\\Users\\yuani\\OneDrive\\Documents\\hasil clone eklinik\\eklinik\\vendor\\laravel\\framework\\src\\Illuminate\\Database\\Connectors\\MySqlConnector.php(24): Illuminate\\Database\\Connectors\\Connector->createConnection()
#3 C:\\Users\\yuani\\OneDrive\\Documents\\hasil clone eklinik\\eklinik\\vendor\\laravel\\framework\\src\\Illuminate\\Database\\Connectors\\ConnectionFactory.php(184): Illuminate\\Database\\Connectors\\MySqlConnector->connect()
#4 [internal function]: Illuminate\\Database\\Connectors\\ConnectionFactory->Illuminate\\Database\\Connectors\\{closure}()
#5 C:\\Users\\yuani\\OneDrive\\Documents\\hasil clone eklinik\\eklinik\\vendor\\laravel\\framework\\src\\Illuminate\\Database\\Connection.php(1181): call_user_func()
#6 C:\\Users\\yuani\\OneDrive\\Documents\\hasil clone eklinik\\eklinik\\vendor\\laravel\\framework\\src\\Illuminate\\Database\\Connection.php(486): Illuminate\\Database\\Connection->getPdo()
#7 C:\\Users\\yuani\\OneDrive\\Documents\\hasil clone eklinik\\eklinik\\vendor\\laravel\\framework\\src\\Illuminate\\Database\\Connection.php(414): Illuminate\\Database\\Connection->getPdoForSelect()
#8 C:\\Users\\yuani\\OneDrive\\Documents\\hasil clone eklinik\\eklinik\\vendor\\laravel\\framework\\src\\Illuminate\\Database\\Connection.php(753): Illuminate\\Database\\Connection->Illuminate\\Database\\{closure}()
#9 C:\\Users\\yuani\\OneDrive\\Documents\\hasil clone eklinik\\eklinik\\vendor\\laravel\\framework\\src\\Illuminate\\Database\\Connection.php(720): Illuminate\\Database\\Connection->runQueryCallback()
#10 C:\\Users\\yuani\\OneDrive\\Documents\\hasil clone eklinik\\eklinik\\vendor\\laravel\\framework\\src\\Illuminate\\Database\\Connection.php(405): Illuminate\\Database\\Connection->run()
#11 C:\\Users\\yuani\\OneDrive\\Documents\\hasil clone eklinik\\eklinik\\vendor\\laravel\\framework\\src\\Illuminate\\Database\\Connection.php(392): Illuminate\\Database\\Connection->select()
#12 C:\\Users\\yuani\\OneDrive\\Documents\\hasil clone eklinik\\eklinik\\vendor\\laravel\\framework\\src\\Illuminate\\Database\\Schema\\MySqlBuilder.php(43): Illuminate\\Database\\Connection->selectFromWriteConnection()
#13 C:\\Users\\yuani\\OneDrive\\Documents\\hasil clone eklinik\\eklinik\\vendor\\laravel\\framework\\src\\Illuminate\\Database\\Migrations\\DatabaseMigrationRepository.php(169): Illuminate\\Database\\Schema\\MySqlBuilder->hasTable()
#14 C:\\Users\\yuani\\OneDrive\\Documents\\hasil clone eklinik\\eklinik\\vendor\\laravel\\framework\\src\\Illuminate\\Database\\Migrations\\Migrator.php(695): Illuminate\\Database\\Migrations\\DatabaseMigrationRepository->repositoryExists()
#15 C:\\Users\\yuani\\OneDrive\\Documents\\hasil clone eklinik\\eklinik\\vendor\\laravel\\framework\\src\\Illuminate\\Database\\Console\\Migrations\\MigrateCommand.php(138): Illuminate\\Database\\Migrations\\Migrator->repositoryExists()
#16 C:\\Users\\yuani\\OneDrive\\Documents\\hasil clone eklinik\\eklinik\\vendor\\laravel\\framework\\src\\Illuminate\\Support\\helpers.php(247): Illuminate\\Database\\Console\\Migrations\\MigrateCommand->Illuminate\\Database\\Console\\Migrations\\{closure}()
#17 C:\\Users\\yuani\\OneDrive\\Documents\\hasil clone eklinik\\eklinik\\vendor\\laravel\\framework\\src\\Illuminate\\Database\\Console\\Migrations\\MigrateCommand.php(138): retry()
#18 C:\\Users\\yuani\\OneDrive\\Documents\\hasil clone eklinik\\eklinik\\vendor\\laravel\\framework\\src\\Illuminate\\Database\\Console\\Migrations\\MigrateCommand.php(114): Illuminate\\Database\\Console\\Migrations\\MigrateCommand->repositoryExists()
#19 C:\\Users\\yuani\\OneDrive\\Documents\\hasil clone eklinik\\eklinik\\vendor\\laravel\\framework\\src\\Illuminate\\Database\\Console\\Migrations\\MigrateCommand.php(82): Illuminate\\Database\\Console\\Migrations\\MigrateCommand->prepareDatabase()
#20 C:\\Users\\yuani\\OneDrive\\Documents\\hasil clone eklinik\\eklinik\\vendor\\laravel\\framework\\src\\Illuminate\\Database\\Migrations\\Migrator.php(628): Illuminate\\Database\\Console\\Migrations\\MigrateCommand->Illuminate\\Database\\Console\\Migrations\\{closure}()
#21 C:\\Users\\yuani\\OneDrive\\Documents\\hasil clone eklinik\\eklinik\\vendor\\laravel\\framework\\src\\Illuminate\\Database\\Console\\Migrations\\MigrateCommand.php(81): Illuminate\\Database\\Migrations\\Migrator->usingConnection()
#22 C:\\Users\\yuani\\OneDrive\\Documents\\hasil clone eklinik\\eklinik\\vendor\\laravel\\framework\\src\\Illuminate\\Container\\BoundMethod.php(36): Illuminate\\Database\\Console\\Migrations\\MigrateCommand->handle()
#23 C:\\Users\\yuani\\OneDrive\\Documents\\hasil clone eklinik\\eklinik\\vendor\\laravel\\framework\\src\\Illuminate\\Container\\Util.php(41): Illuminate\\Container\\BoundMethod::Illuminate\\Container\\{closure}()
#24 C:\\Users\\yuani\\OneDrive\\Documents\\hasil clone eklinik\\eklinik\\vendor\\laravel\\framework\\src\\Illuminate\\Container\\BoundMethod.php(93): Illuminate\\Container\\Util::unwrapIfClosure()
#25 C:\\Users\\yuani\\OneDrive\\Documents\\hasil clone eklinik\\eklinik\\vendor\\laravel\\framework\\src\\Illuminate\\Container\\BoundMethod.php(35): Illuminate\\Container\\BoundMethod::callBoundMethod()
#26 C:\\Users\\yuani\\OneDrive\\Documents\\hasil clone eklinik\\eklinik\\vendor\\laravel\\framework\\src\\Illuminate\\Container\\Container.php(661): Illuminate\\Container\\BoundMethod::call()
#27 C:\\Users\\yuani\\OneDrive\\Documents\\hasil clone eklinik\\eklinik\\vendor\\laravel\\framework\\src\\Illuminate\\Console\\Command.php(183): Illuminate\\Container\\Container->call()
#28 C:\\Users\\yuani\\OneDrive\\Documents\\hasil clone eklinik\\eklinik\\vendor\\symfony\\console\\Command\\Command.php(326): Illuminate\\Console\\Command->execute()
#29 C:\\Users\\yuani\\OneDrive\\Documents\\hasil clone eklinik\\eklinik\\vendor\\laravel\\framework\\src\\Illuminate\\Console\\Command.php(152): Symfony\\Component\\Console\\Command\\Command->run()
#30 C:\\Users\\yuani\\OneDrive\\Documents\\hasil clone eklinik\\eklinik\\vendor\\symfony\\console\\Application.php(1063): Illuminate\\Console\\Command->run()
#31 C:\\Users\\yuani\\OneDrive\\Documents\\hasil clone eklinik\\eklinik\\vendor\\symfony\\console\\Application.php(320): Symfony\\Component\\Console\\Application->doRunCommand()
#32 C:\\Users\\yuani\\OneDrive\\Documents\\hasil clone eklinik\\eklinik\\vendor\\symfony\\console\\Application.php(174): Symfony\\Component\\Console\\Application->doRun()
#33 C:\\Users\\yuani\\OneDrive\\Documents\\hasil clone eklinik\\eklinik\\vendor\\laravel\\framework\\src\\Illuminate\\Console\\Application.php(102): Symfony\\Component\\Console\\Application->run()
#34 C:\\Users\\yuani\\OneDrive\\Documents\\hasil clone eklinik\\eklinik\\vendor\\laravel\\framework\\src\\Illuminate\\Foundation\\Console\\Kernel.php(155): Illuminate\\Console\\Application->run()
#35 C:\\Users\\yuani\\OneDrive\\Documents\\hasil clone eklinik\\eklinik\\artisan(35): Illuminate\\Foundation\\Console\\Kernel->handle()
#36 {main}
"} 
[2023-08-21 02:10:42] local.ERROR: could not find driver (SQL: select * from information_schema.tables where table_schema = eklinik and table_name = migrations and table_type = 'BASE TABLE') {"exception":"[object] (Illuminate\\Database\\QueryException(code: 0): could not find driver (SQL: select * from information_schema.tables where table_schema = eklinik and table_name = migrations and table_type = 'BASE TABLE') at C:\\Users\\yuani\\OneDrive\\Documents\\hasil clone eklinik\\eklinik\\vendor\\laravel\\framework\\src\\Illuminate\\Database\\Connection.php:760)
[stacktrace]
#0 C:\\Users\\yuani\\OneDrive\\Documents\\hasil clone eklinik\\eklinik\\vendor\\laravel\\framework\\src\\Illuminate\\Database\\Connection.php(720): Illuminate\\Database\\Connection->runQueryCallback()
#1 C:\\Users\\yuani\\OneDrive\\Documents\\hasil clone eklinik\\eklinik\\vendor\\laravel\\framework\\src\\Illuminate\\Database\\Connection.php(405): Illuminate\\Database\\Connection->run()
#2 C:\\Users\\yuani\\OneDrive\\Documents\\hasil clone eklinik\\eklinik\\vendor\\laravel\\framework\\src\\Illuminate\\Database\\Connection.php(392): Illuminate\\Database\\Connection->select()
#3 C:\\Users\\yuani\\OneDrive\\Documents\\hasil clone eklinik\\eklinik\\vendor\\laravel\\framework\\src\\Illuminate\\Database\\Schema\\MySqlBuilder.php(43): Illuminate\\Database\\Connection->selectFromWriteConnection()
#4 C:\\Users\\yuani\\OneDrive\\Documents\\hasil clone eklinik\\eklinik\\vendor\\laravel\\framework\\src\\Illuminate\\Database\\Migrations\\DatabaseMigrationRepository.php(169): Illuminate\\Database\\Schema\\MySqlBuilder->hasTable()
#5 C:\\Users\\yuani\\OneDrive\\Documents\\hasil clone eklinik\\eklinik\\vendor\\laravel\\framework\\src\\Illuminate\\Database\\Migrations\\Migrator.php(695): Illuminate\\Database\\Migrations\\DatabaseMigrationRepository->repositoryExists()
#6 C:\\Users\\yuani\\OneDrive\\Documents\\hasil clone eklinik\\eklinik\\vendor\\laravel\\framework\\src\\Illuminate\\Database\\Console\\Migrations\\MigrateCommand.php(138): Illuminate\\Database\\Migrations\\Migrator->repositoryExists()
#7 C:\\Users\\yuani\\OneDrive\\Documents\\hasil clone eklinik\\eklinik\\vendor\\laravel\\framework\\src\\Illuminate\\Support\\helpers.php(247): Illuminate\\Database\\Console\\Migrations\\MigrateCommand->Illuminate\\Database\\Console\\Migrations\\{closure}()
#8 C:\\Users\\yuani\\OneDrive\\Documents\\hasil clone eklinik\\eklinik\\vendor\\laravel\\framework\\src\\Illuminate\\Database\\Console\\Migrations\\MigrateCommand.php(138): retry()
#9 C:\\Users\\yuani\\OneDrive\\Documents\\hasil clone eklinik\\eklinik\\vendor\\laravel\\framework\\src\\Illuminate\\Database\\Console\\Migrations\\MigrateCommand.php(114): Illuminate\\Database\\Console\\Migrations\\MigrateCommand->repositoryExists()
#10 C:\\Users\\yuani\\OneDrive\\Documents\\hasil clone eklinik\\eklinik\\vendor\\laravel\\framework\\src\\Illuminate\\Database\\Console\\Migrations\\MigrateCommand.php(82): Illuminate\\Database\\Console\\Migrations\\MigrateCommand->prepareDatabase()
#11 C:\\Users\\yuani\\OneDrive\\Documents\\hasil clone eklinik\\eklinik\\vendor\\laravel\\framework\\src\\Illuminate\\Database\\Migrations\\Migrator.php(628): Illuminate\\Database\\Console\\Migrations\\MigrateCommand->Illuminate\\Database\\Console\\Migrations\\{closure}()
#12 C:\\Users\\yuani\\OneDrive\\Documents\\hasil clone eklinik\\eklinik\\vendor\\laravel\\framework\\src\\Illuminate\\Database\\Console\\Migrations\\MigrateCommand.php(81): Illuminate\\Database\\Migrations\\Migrator->usingConnection()
#13 C:\\Users\\yuani\\OneDrive\\Documents\\hasil clone eklinik\\eklinik\\vendor\\laravel\\framework\\src\\Illuminate\\Container\\BoundMethod.php(36): Illuminate\\Database\\Console\\Migrations\\MigrateCommand->handle()
#14 C:\\Users\\yuani\\OneDrive\\Documents\\hasil clone eklinik\\eklinik\\vendor\\laravel\\framework\\src\\Illuminate\\Container\\Util.php(41): Illuminate\\Container\\BoundMethod::Illuminate\\Container\\{closure}()
#15 C:\\Users\\yuani\\OneDrive\\Documents\\hasil clone eklinik\\eklinik\\vendor\\laravel\\framework\\src\\Illuminate\\Container\\BoundMethod.php(93): Illuminate\\Container\\Util::unwrapIfClosure()
#16 C:\\Users\\yuani\\OneDrive\\Documents\\hasil clone eklinik\\eklinik\\vendor\\laravel\\framework\\src\\Illuminate\\Container\\BoundMethod.php(35): Illuminate\\Container\\BoundMethod::callBoundMethod()
#17 C:\\Users\\yuani\\OneDrive\\Documents\\hasil clone eklinik\\eklinik\\vendor\\laravel\\framework\\src\\Illuminate\\Container\\Container.php(661): Illuminate\\Container\\BoundMethod::call()
#18 C:\\Users\\yuani\\OneDrive\\Documents\\hasil clone eklinik\\eklinik\\vendor\\laravel\\framework\\src\\Illuminate\\Console\\Command.php(183): Illuminate\\Container\\Container->call()
#19 C:\\Users\\yuani\\OneDrive\\Documents\\hasil clone eklinik\\eklinik\\vendor\\symfony\\console\\Command\\Command.php(326): Illuminate\\Console\\Command->execute()
#20 C:\\Users\\yuani\\OneDrive\\Documents\\hasil clone eklinik\\eklinik\\vendor\\laravel\\framework\\src\\Illuminate\\Console\\Command.php(152): Symfony\\Component\\Console\\Command\\Command->run()
#21 C:\\Users\\yuani\\OneDrive\\Documents\\hasil clone eklinik\\eklinik\\vendor\\symfony\\console\\Application.php(1063): Illuminate\\Console\\Command->run()
#22 C:\\Users\\yuani\\OneDrive\\Documents\\hasil clone eklinik\\eklinik\\vendor\\symfony\\console\\Application.php(320): Symfony\\Component\\Console\\Application->doRunCommand()
#23 C:\\Users\\yuani\\OneDrive\\Documents\\hasil clone eklinik\\eklinik\\vendor\\symfony\\console\\Application.php(174): Symfony\\Component\\Console\\Application->doRun()
#24 C:\\Users\\yuani\\OneDrive\\Documents\\hasil clone eklinik\\eklinik\\vendor\\laravel\\framework\\src\\Illuminate\\Console\\Application.php(102): Symfony\\Component\\Console\\Application->run()
#25 C:\\Users\\yuani\\OneDrive\\Documents\\hasil clone eklinik\\eklinik\\vendor\\laravel\\framework\\src\\Illuminate\\Foundation\\Console\\Kernel.php(155): Illuminate\\Console\\Application->run()
#26 C:\\Users\\yuani\\OneDrive\\Documents\\hasil clone eklinik\\eklinik\\artisan(35): Illuminate\\Foundation\\Console\\Kernel->handle()
#27 {main}

[previous exception] [object] (PDOException(code: 0): could not find driver at C:\\Users\\yuani\\OneDrive\\Documents\\hasil clone eklinik\\eklinik\\vendor\\laravel\\framework\\src\\Illuminate\\Database\\Connectors\\Connector.php:70)
[stacktrace]
#0 C:\\Users\\yuani\\OneDrive\\Documents\\hasil clone eklinik\\eklinik\\vendor\\laravel\\framework\\src\\Illuminate\\Database\\Connectors\\Connector.php(70): PDO->__construct()
#1 C:\\Users\\yuani\\OneDrive\\Documents\\hasil clone eklinik\\eklinik\\vendor\\laravel\\framework\\src\\Illuminate\\Database\\Connectors\\Connector.php(45): Illuminate\\Database\\Connectors\\Connector->createPdoConnection()
#2 C:\\Users\\yuani\\OneDrive\\Documents\\hasil clone eklinik\\eklinik\\vendor\\laravel\\framework\\src\\Illuminate\\Database\\Connectors\\MySqlConnector.php(24): Illuminate\\Database\\Connectors\\Connector->createConnection()
#3 C:\\Users\\yuani\\OneDrive\\Documents\\hasil clone eklinik\\eklinik\\vendor\\laravel\\framework\\src\\Illuminate\\Database\\Connectors\\ConnectionFactory.php(184): Illuminate\\Database\\Connectors\\MySqlConnector->connect()
#4 [internal function]: Illuminate\\Database\\Connectors\\ConnectionFactory->Illuminate\\Database\\Connectors\\{closure}()
#5 C:\\Users\\yuani\\OneDrive\\Documents\\hasil clone eklinik\\eklinik\\vendor\\laravel\\framework\\src\\Illuminate\\Database\\Connection.php(1181): call_user_func()
#6 C:\\Users\\yuani\\OneDrive\\Documents\\hasil clone eklinik\\eklinik\\vendor\\laravel\\framework\\src\\Illuminate\\Database\\Connection.php(486): Illuminate\\Database\\Connection->getPdo()
#7 C:\\Users\\yuani\\OneDrive\\Documents\\hasil clone eklinik\\eklinik\\vendor\\laravel\\framework\\src\\Illuminate\\Database\\Connection.php(414): Illuminate\\Database\\Connection->getPdoForSelect()
#8 C:\\Users\\yuani\\OneDrive\\Documents\\hasil clone eklinik\\eklinik\\vendor\\laravel\\framework\\src\\Illuminate\\Database\\Connection.php(753): Illuminate\\Database\\Connection->Illuminate\\Database\\{closure}()
#9 C:\\Users\\yuani\\OneDrive\\Documents\\hasil clone eklinik\\eklinik\\vendor\\laravel\\framework\\src\\Illuminate\\Database\\Connection.php(720): Illuminate\\Database\\Connection->runQueryCallback()
#10 C:\\Users\\yuani\\OneDrive\\Documents\\hasil clone eklinik\\eklinik\\vendor\\laravel\\framework\\src\\Illuminate\\Database\\Connection.php(405): Illuminate\\Database\\Connection->run()
#11 C:\\Users\\yuani\\OneDrive\\Documents\\hasil clone eklinik\\eklinik\\vendor\\laravel\\framework\\src\\Illuminate\\Database\\Connection.php(392): Illuminate\\Database\\Connection->select()
#12 C:\\Users\\yuani\\OneDrive\\Documents\\hasil clone eklinik\\eklinik\\vendor\\laravel\\framework\\src\\Illuminate\\Database\\Schema\\MySqlBuilder.php(43): Illuminate\\Database\\Connection->selectFromWriteConnection()
#13 C:\\Users\\yuani\\OneDrive\\Documents\\hasil clone eklinik\\eklinik\\vendor\\laravel\\framework\\src\\Illuminate\\Database\\Migrations\\DatabaseMigrationRepository.php(169): Illuminate\\Database\\Schema\\MySqlBuilder->hasTable()
#14 C:\\Users\\yuani\\OneDrive\\Documents\\hasil clone eklinik\\eklinik\\vendor\\laravel\\framework\\src\\Illuminate\\Database\\Migrations\\Migrator.php(695): Illuminate\\Database\\Migrations\\DatabaseMigrationRepository->repositoryExists()
#15 C:\\Users\\yuani\\OneDrive\\Documents\\hasil clone eklinik\\eklinik\\vendor\\laravel\\framework\\src\\Illuminate\\Database\\Console\\Migrations\\MigrateCommand.php(138): Illuminate\\Database\\Migrations\\Migrator->repositoryExists()
#16 C:\\Users\\yuani\\OneDrive\\Documents\\hasil clone eklinik\\eklinik\\vendor\\laravel\\framework\\src\\Illuminate\\Support\\helpers.php(247): Illuminate\\Database\\Console\\Migrations\\MigrateCommand->Illuminate\\Database\\Console\\Migrations\\{closure}()
#17 C:\\Users\\yuani\\OneDrive\\Documents\\hasil clone eklinik\\eklinik\\vendor\\laravel\\framework\\src\\Illuminate\\Database\\Console\\Migrations\\MigrateCommand.php(138): retry()
#18 C:\\Users\\yuani\\OneDrive\\Documents\\hasil clone eklinik\\eklinik\\vendor\\laravel\\framework\\src\\Illuminate\\Database\\Console\\Migrations\\MigrateCommand.php(114): Illuminate\\Database\\Console\\Migrations\\MigrateCommand->repositoryExists()
#19 C:\\Users\\yuani\\OneDrive\\Documents\\hasil clone eklinik\\eklinik\\vendor\\laravel\\framework\\src\\Illuminate\\Database\\Console\\Migrations\\MigrateCommand.php(82): Illuminate\\Database\\Console\\Migrations\\MigrateCommand->prepareDatabase()
#20 C:\\Users\\yuani\\OneDrive\\Documents\\hasil clone eklinik\\eklinik\\vendor\\laravel\\framework\\src\\Illuminate\\Database\\Migrations\\Migrator.php(628): Illuminate\\Database\\Console\\Migrations\\MigrateCommand->Illuminate\\Database\\Console\\Migrations\\{closure}()
#21 C:\\Users\\yuani\\OneDrive\\Documents\\hasil clone eklinik\\eklinik\\vendor\\laravel\\framework\\src\\Illuminate\\Database\\Console\\Migrations\\MigrateCommand.php(81): Illuminate\\Database\\Migrations\\Migrator->usingConnection()
#22 C:\\Users\\yuani\\OneDrive\\Documents\\hasil clone eklinik\\eklinik\\vendor\\laravel\\framework\\src\\Illuminate\\Container\\BoundMethod.php(36): Illuminate\\Database\\Console\\Migrations\\MigrateCommand->handle()
#23 C:\\Users\\yuani\\OneDrive\\Documents\\hasil clone eklinik\\eklinik\\vendor\\laravel\\framework\\src\\Illuminate\\Container\\Util.php(41): Illuminate\\Container\\BoundMethod::Illuminate\\Container\\{closure}()
#24 C:\\Users\\yuani\\OneDrive\\Documents\\hasil clone eklinik\\eklinik\\vendor\\laravel\\framework\\src\\Illuminate\\Container\\BoundMethod.php(93): Illuminate\\Container\\Util::unwrapIfClosure()
#25 C:\\Users\\yuani\\OneDrive\\Documents\\hasil clone eklinik\\eklinik\\vendor\\laravel\\framework\\src\\Illuminate\\Container\\BoundMethod.php(35): Illuminate\\Container\\BoundMethod::callBoundMethod()
#26 C:\\Users\\yuani\\OneDrive\\Documents\\hasil clone eklinik\\eklinik\\vendor\\laravel\\framework\\src\\Illuminate\\Container\\Container.php(661): Illuminate\\Container\\BoundMethod::call()
#27 C:\\Users\\yuani\\OneDrive\\Documents\\hasil clone eklinik\\eklinik\\vendor\\laravel\\framework\\src\\Illuminate\\Console\\Command.php(183): Illuminate\\Container\\Container->call()
#28 C:\\Users\\yuani\\OneDrive\\Documents\\hasil clone eklinik\\eklinik\\vendor\\symfony\\console\\Command\\Command.php(326): Illuminate\\Console\\Command->execute()
#29 C:\\Users\\yuani\\OneDrive\\Documents\\hasil clone eklinik\\eklinik\\vendor\\laravel\\framework\\src\\Illuminate\\Console\\Command.php(152): Symfony\\Component\\Console\\Command\\Command->run()
#30 C:\\Users\\yuani\\OneDrive\\Documents\\hasil clone eklinik\\eklinik\\vendor\\symfony\\console\\Application.php(1063): Illuminate\\Console\\Command->run()
#31 C:\\Users\\yuani\\OneDrive\\Documents\\hasil clone eklinik\\eklinik\\vendor\\symfony\\console\\Application.php(320): Symfony\\Component\\Console\\Application->doRunCommand()
#32 C:\\Users\\yuani\\OneDrive\\Documents\\hasil clone eklinik\\eklinik\\vendor\\symfony\\console\\Application.php(174): Symfony\\Component\\Console\\Application->doRun()
#33 C:\\Users\\yuani\\OneDrive\\Documents\\hasil clone eklinik\\eklinik\\vendor\\laravel\\framework\\src\\Illuminate\\Console\\Application.php(102): Symfony\\Component\\Console\\Application->run()
#34 C:\\Users\\yuani\\OneDrive\\Documents\\hasil clone eklinik\\eklinik\\vendor\\laravel\\framework\\src\\Illuminate\\Foundation\\Console\\Kernel.php(155): Illuminate\\Console\\Application->run()
#35 C:\\Users\\yuani\\OneDrive\\Documents\\hasil clone eklinik\\eklinik\\artisan(35): Illuminate\\Foundation\\Console\\Kernel->handle()
#36 {main}
"} 
